This file contains any messages produced by compilers while
running configure, to aid debugging if configure makes a mistake.

It was created by mxadt configure 0.1, which was
generated by GNU Autoconf 2.68.  Invocation command line was

  $ ./configure 

## --------- ##
## Platform. ##
## --------- ##

hostname = cabore
uname -m = i686
uname -r = 2.6.39-gentoo-r3-EMX
uname -s = Linux
uname -v = #5 SMP Thu Oct 6 10:48:08 BRT 2011

/usr/bin/uname -p = Intel(R) Pentium(R) Dual CPU T3400 @ 2.16GHz
/bin/uname -X     = unknown

/bin/arch              = unknown
/usr/bin/arch -k       = unknown
/usr/convex/getsysinfo = unknown
/usr/bin/hostinfo      = unknown
/bin/machine           = unknown
/usr/bin/oslevel       = unknown
/bin/universe          = unknown

PATH: /usr/local/sbin
PATH: /usr/local/bin
PATH: /usr/sbin
PATH: /usr/bin
PATH: /sbin
PATH: /bin
PATH: /opt/bin
PATH: /usr/i686-pc-linux-gnu/gcc-bin/4.5.3
PATH: /usr/games/bin


## ----------- ##
## Core tests. ##
## ----------- ##

configure:2130: checking for a BSD-compatible install
configure:2198: result: /usr/bin/install -c
configure:2209: checking whether build environment is sane
configure:2259: result: yes
configure:2400: checking for a thread-safe mkdir -p
configure:2439: result: /bin/mkdir -p
configure:2452: checking for gawk
configure:2468: found /usr/bin/gawk
configure:2479: result: gawk
configure:2490: checking whether make sets $(MAKE)
configure:2512: result: yes
configure:2642: checking for gcc
configure:2658: found /usr/bin/gcc
configure:2669: result: gcc
configure:2898: checking for C compiler version
configure:2907: gcc --version >&5
gcc (Gentoo 4.5.3-r1 p1.0, pie-0.4.5) 4.5.3
Copyright (C) 2010 Free Software Foundation, Inc.
This is free software; see the source for copying conditions.  There is NO
warranty; not even for MERCHANTABILITY or FITNESS FOR A PARTICULAR PURPOSE.

configure:2918: $? = 0
configure:2907: gcc -v >&5
Using built-in specs.
COLLECT_GCC=/usr/i686-pc-linux-gnu/gcc-bin/4.5.3/gcc
COLLECT_LTO_WRAPPER=/usr/libexec/gcc/i686-pc-linux-gnu/4.5.3/lto-wrapper
Target: i686-pc-linux-gnu
Configured with: /var/tmp/portage/sys-devel/gcc-4.5.3-r1/work/gcc-4.5.3/configure --prefix=/usr --bindir=/usr/i686-pc-linux-gnu/gcc-bin/4.5.3 --includedir=/usr/lib/gcc/i686-pc-linux-gnu/4.5.3/include --datadir=/usr/share/gcc-data/i686-pc-linux-gnu/4.5.3 --mandir=/usr/share/gcc-data/i686-pc-linux-gnu/4.5.3/man --infodir=/usr/share/gcc-data/i686-pc-linux-gnu/4.5.3/info --with-gxx-include-dir=/usr/lib/gcc/i686-pc-linux-gnu/4.5.3/include/g++-v4 --host=i686-pc-linux-gnu --build=i686-pc-linux-gnu --disable-altivec --disable-fixed-point --without-ppl --without-cloog --disable-lto --enable-nls --without-included-gettext --with-system-zlib --disable-werror --enable-secureplt --disable-multilib --enable-libmudflap --disable-libssp --enable-libgomp --with-python-dir=/share/gcc-data/i686-pc-linux-gnu/4.5.3/python --enable-checking=release --disable-libgcj --with-arch=i686 --enable-languages=c,c++,fortran --enable-shared --enable-threads=posix --enable-__cxa_atexit --enable-clocale=gnu --with-bugurl=http://bugs.gentoo.org/ --with-pkgversion='Gentoo 4.5.3-r1 p1.0, pie-0.4.5'
Thread model: posix
gcc version 4.5.3 (Gentoo 4.5.3-r1 p1.0, pie-0.4.5) 
configure:2918: $? = 0
configure:2907: gcc -V >&5
gcc: '-V' option must have argument
configure:2918: $? = 1
configure:2907: gcc -qversion >&5
gcc: unrecognized option '-qversion'
gcc: no input files
configure:2918: $? = 1
configure:2938: checking whether the C compiler works
configure:2960: gcc    conftest.c  >&5
configure:2964: $? = 0
configure:3012: result: yes
configure:3015: checking for C compiler default output file name
configure:3017: result: a.out
configure:3023: checking for suffix of executables
configure:3030: gcc -o conftest    conftest.c  >&5
configure:3034: $? = 0
configure:3056: result: 
configure:3078: checking whether we are cross compiling
configure:3086: gcc -o conftest    conftest.c  >&5
configure:3090: $? = 0
configure:3097: ./conftest
configure:3101: $? = 0
configure:3116: result: no
configure:3121: checking for suffix of object files
configure:3143: gcc -c   conftest.c >&5
configure:3147: $? = 0
configure:3168: result: o
configure:3172: checking whether we are using the GNU C compiler
configure:3191: gcc -c   conftest.c >&5
configure:3191: $? = 0
configure:3200: result: yes
configure:3209: checking whether gcc accepts -g
configure:3229: gcc -c -g  conftest.c >&5
configure:3229: $? = 0
configure:3270: result: yes
configure:3287: checking for gcc option to accept ISO C89
configure:3351: gcc  -c -g -O2  conftest.c >&5
configure:3351: $? = 0
configure:3364: result: none needed
configure:3395: checking for style of include used by make
configure:3423: result: GNU
configure:3448: checking dependency style of gcc
configure:3558: result: gcc3
configure:3606: checking build system type
configure:3620: result: i686-pc-linux-gnu
configure:3640: checking host system type
configure:3653: result: i686-pc-linux-gnu
configure:3694: checking how to print strings
configure:3721: result: printf
configure:3742: checking for a sed that does not truncate output
configure:3806: result: /bin/sed
configure:3824: checking for grep that handles long lines and -e
configure:3882: result: /bin/grep
configure:3887: checking for egrep
configure:3949: result: /bin/grep -E
configure:3954: checking for fgrep
configure:4016: result: /bin/grep -F
configure:4051: checking for ld used by gcc
configure:4118: result: /usr/i686-pc-linux-gnu/bin/ld
configure:4125: checking if the linker (/usr/i686-pc-linux-gnu/bin/ld) is GNU ld
configure:4140: result: yes
configure:4152: checking for BSD- or MS-compatible name lister (nm)
configure:4201: result: /usr/bin/nm -B
configure:4331: checking the name lister (/usr/bin/nm -B) interface
configure:4338: gcc -c -g -O2  conftest.c >&5
configure:4341: /usr/bin/nm -B "conftest.o"
configure:4344: output
00000000 B some_variable
configure:4351: result: BSD nm
configure:4354: checking whether ln -s works
configure:4358: result: yes
configure:4366: checking the maximum length of command line arguments
configure:4491: result: 1572864
configure:4508: checking whether the shell understands some XSI constructs
configure:4518: result: yes
configure:4522: checking whether the shell understands "+="
configure:4528: result: yes
configure:4563: checking how to convert i686-pc-linux-gnu file names to i686-pc-linux-gnu format
configure:4603: result: func_convert_file_noop
configure:4610: checking how to convert i686-pc-linux-gnu file names to toolchain format
configure:4630: result: func_convert_file_noop
configure:4637: checking for /usr/i686-pc-linux-gnu/bin/ld option to reload object files
configure:4644: result: -r
configure:4718: checking for objdump
configure:4734: found /usr/bin/objdump
configure:4745: result: objdump
configure:4777: checking how to recognize dependent libraries
configure:4979: result: pass_all
configure:5064: checking for dlltool
configure:5094: result: no
configure:5124: checking how to associate runtime and link libraries
configure:5151: result: printf %s\n
configure:5212: checking for ar
configure:5228: found /usr/bin/ar
configure:5239: result: ar
configure:5276: checking for archiver @FILE support
configure:5293: gcc -c -g -O2  conftest.c >&5
configure:5293: $? = 0
configure:5296: ar cru libconftest.a @conftest.lst >&5
configure:5299: $? = 0
configure:5304: ar cru libconftest.a @conftest.lst >&5
ar: conftest.o: No such file or directory
configure:5307: $? = 1
configure:5319: result: @
configure:5377: checking for strip
configure:5393: found /usr/bin/strip
configure:5404: result: strip
configure:5476: checking for ranlib
configure:5492: found /usr/bin/ranlib
configure:5503: result: ranlib
configure:5605: checking command to parse /usr/bin/nm -B output from gcc object
configure:5724: gcc -c -g -O2  conftest.c >&5
configure:5727: $? = 0
configure:5731: /usr/bin/nm -B conftest.o \| sed -n -e 's/^.*[ ]\([ABCDGIRSTW][ABCDGIRSTW]*\)[ ][ ]*\([_A-Za-z][_A-Za-z0-9]*\)$/\1 \2 \2/p' | sed '/ __gnu_lto/d' \> conftest.nm
configure:5734: $? = 0
configure:5800: gcc -o conftest -g -O2   conftest.c conftstm.o >&5
configure:5803: $? = 0
configure:5841: result: ok
configure:5878: checking for sysroot
configure:5908: result: no
configure:6151: checking for mt
configure:6181: result: no
configure:6201: checking if : is a manifest tool
configure:6207: : '-?'
configure:6215: result: no
configure:6847: checking how to run the C preprocessor
configure:6878: gcc -E  conftest.c
configure:6878: $? = 0
configure:6892: gcc -E  conftest.c
conftest.c:11:28: fatal error: ac_nonexistent.h: No such file or directory
compilation terminated.
configure:6892: $? = 1
configure: failed program was:
| /* confdefs.h */
| #define PACKAGE_NAME "mxadt"
| #define PACKAGE_TARNAME "mxadt"
| #define PACKAGE_VERSION "0.1"
| #define PACKAGE_STRING "mxadt 0.1"
| #define PACKAGE_BUGREPORT "emersonmx@gmail.com"
| #define PACKAGE_URL ""
| #define PACKAGE "mxadt"
| #define VERSION "0.1"
| /* end confdefs.h.  */
| #include <ac_nonexistent.h>
configure:6917: result: gcc -E
configure:6937: gcc -E  conftest.c
configure:6937: $? = 0
configure:6951: gcc -E  conftest.c
conftest.c:11:28: fatal error: ac_nonexistent.h: No such file or directory
compilation terminated.
configure:6951: $? = 1
configure: failed program was:
| /* confdefs.h */
| #define PACKAGE_NAME "mxadt"
| #define PACKAGE_TARNAME "mxadt"
| #define PACKAGE_VERSION "0.1"
| #define PACKAGE_STRING "mxadt 0.1"
| #define PACKAGE_BUGREPORT "emersonmx@gmail.com"
| #define PACKAGE_URL ""
| #define PACKAGE "mxadt"
| #define VERSION "0.1"
| /* end confdefs.h.  */
| #include <ac_nonexistent.h>
configure:6980: checking for ANSI C header files
configure:7000: gcc -c -g -O2  conftest.c >&5
configure:7000: $? = 0
configure:7073: gcc -o conftest -g -O2   conftest.c  >&5
configure:7073: $? = 0
configure:7073: ./conftest
configure:7073: $? = 0
configure:7084: result: yes
configure:7097: checking for sys/types.h
configure:7097: gcc -c -g -O2  conftest.c >&5
configure:7097: $? = 0
configure:7097: result: yes
configure:7097: checking for sys/stat.h
configure:7097: gcc -c -g -O2  conftest.c >&5
configure:7097: $? = 0
configure:7097: result: yes
configure:7097: checking for stdlib.h
configure:7097: gcc -c -g -O2  conftest.c >&5
configure:7097: $? = 0
configure:7097: result: yes
configure:7097: checking for string.h
configure:7097: gcc -c -g -O2  conftest.c >&5
configure:7097: $? = 0
configure:7097: result: yes
configure:7097: checking for memory.h
configure:7097: gcc -c -g -O2  conftest.c >&5
configure:7097: $? = 0
configure:7097: result: yes
configure:7097: checking for strings.h
configure:7097: gcc -c -g -O2  conftest.c >&5
configure:7097: $? = 0
configure:7097: result: yes
configure:7097: checking for inttypes.h
configure:7097: gcc -c -g -O2  conftest.c >&5
configure:7097: $? = 0
configure:7097: result: yes
configure:7097: checking for stdint.h
configure:7097: gcc -c -g -O2  conftest.c >&5
configure:7097: $? = 0
configure:7097: result: yes
configure:7097: checking for unistd.h
configure:7097: gcc -c -g -O2  conftest.c >&5
configure:7097: $? = 0
configure:7097: result: yes
configure:7111: checking for dlfcn.h
configure:7111: gcc -c -g -O2  conftest.c >&5
configure:7111: $? = 0
configure:7111: result: yes
configure:7296: checking for objdir
configure:7311: result: .libs
configure:7582: checking if gcc supports -fno-rtti -fno-exceptions
configure:7600: gcc -c -g -O2  -fno-rtti -fno-exceptions conftest.c >&5
cc1: warning: command line option "-fno-rtti" is valid for C++/ObjC++ but not for C
configure:7604: $? = 0
configure:7617: result: no
configure:7927: checking for gcc option to produce PIC
configure:7934: result: -fPIC -DPIC
configure:7942: checking if gcc PIC flag -fPIC -DPIC works
configure:7960: gcc -c -g -O2  -fPIC -DPIC -DPIC conftest.c >&5
configure:7964: $? = 0
configure:7977: result: yes
configure:8006: checking if gcc static flag -static works
configure:8034: result: yes
configure:8049: checking if gcc supports -c -o file.o
configure:8070: gcc -c -g -O2  -o out/conftest2.o conftest.c >&5
configure:8074: $? = 0
configure:8096: result: yes
configure:8104: checking if gcc supports -c -o file.o
configure:8151: result: yes
configure:8184: checking whether the gcc linker (/usr/i686-pc-linux-gnu/bin/ld) supports shared libraries
configure:9342: result: yes
configure:9379: checking whether -lc should be explicitly linked in
configure:9387: gcc -c -g -O2  conftest.c >&5
configure:9390: $? = 0
configure:9405: gcc -shared  -fPIC -DPIC conftest.o  -v -Wl,-soname -Wl,conftest -o conftest 2\>\&1 \| /bin/grep  -lc  \>/dev/null 2\>\&1
configure:9408: $? = 0
configure:9422: result: no
configure:9587: checking dynamic linker characteristics
configure:10114: gcc -o conftest -g -O2   -Wl,-rpath -Wl,/foo conftest.c  >&5
configure:10114: $? = 0
configure:10336: result: GNU/Linux ld.so
configure:10443: checking how to hardcode library paths into programs
configure:10468: result: immediate
configure:10562: checking for shl_load
configure:10562: gcc -o conftest -g -O2   conftest.c  >&5
/tmp/ccOcvwpW.o: In function `main':
/mnt/BKP/POG/C_CPP/mxadt/conftest.c:57: undefined reference to `shl_load'
collect2: ld returned 1 exit status
configure:10562: $? = 1
configure: failed program was:
| /* confdefs.h */
| #define PACKAGE_NAME "mxadt"
| #define PACKAGE_TARNAME "mxadt"
| #define PACKAGE_VERSION "0.1"
| #define PACKAGE_STRING "mxadt 0.1"
| #define PACKAGE_BUGREPORT "emersonmx@gmail.com"
| #define PACKAGE_URL ""
| #define PACKAGE "mxadt"
| #define VERSION "0.1"
| #define STDC_HEADERS 1
| #define HAVE_SYS_TYPES_H 1
| #define HAVE_SYS_STAT_H 1
| #define HAVE_STDLIB_H 1
| #define HAVE_STRING_H 1
| #define HAVE_MEMORY_H 1
| #define HAVE_STRINGS_H 1
| #define HAVE_INTTYPES_H 1
| #define HAVE_STDINT_H 1
| #define HAVE_UNISTD_H 1
| #define HAVE_DLFCN_H 1
| #define LT_OBJDIR ".libs/"
| /* end confdefs.h.  */
| /* Define shl_load to an innocuous variant, in case <limits.h> declares shl_load.
|    For example, HP-UX 11i <limits.h> declares gettimeofday.  */
| #define shl_load innocuous_shl_load
| 
| /* System header to define __stub macros and hopefully few prototypes,
|     which can conflict with char shl_load (); below.
|     Prefer <limits.h> to <assert.h> if __STDC__ is defined, since
|     <limits.h> exists even on freestanding compilers.  */
| 
| #ifdef __STDC__
| # include <limits.h>
| #else
| # include <assert.h>
| #endif
| 
| #undef shl_load
| 
| /* Override any GCC internal prototype to avoid an error.
|    Use char because int might match the return type of a GCC
|    builtin and then its argument prototype would still apply.  */
| #ifdef __cplusplus
| extern "C"
| #endif
| char shl_load ();
| /* The GNU C library defines this for functions which it implements
|     to always fail with ENOSYS.  Some functions are actually named
|     something starting with __ and the normal name is an alias.  */
| #if defined __stub_shl_load || defined __stub___shl_load
| choke me
| #endif
| 
| int
| main ()
| {
| return shl_load ();
|   ;
|   return 0;
| }
configure:10562: result: no
configure:10566: checking for shl_load in -ldld
configure:10591: gcc -o conftest -g -O2   conftest.c -ldld   >&5
/usr/lib/gcc/i686-pc-linux-gnu/4.5.3/../../../../i686-pc-linux-gnu/bin/ld: cannot find -ldld
collect2: ld returned 1 exit status
configure:10591: $? = 1
configure: failed program was:
| /* confdefs.h */
| #define PACKAGE_NAME "mxadt"
| #define PACKAGE_TARNAME "mxadt"
| #define PACKAGE_VERSION "0.1"
| #define PACKAGE_STRING "mxadt 0.1"
| #define PACKAGE_BUGREPORT "emersonmx@gmail.com"
| #define PACKAGE_URL ""
| #define PACKAGE "mxadt"
| #define VERSION "0.1"
| #define STDC_HEADERS 1
| #define HAVE_SYS_TYPES_H 1
| #define HAVE_SYS_STAT_H 1
| #define HAVE_STDLIB_H 1
| #define HAVE_STRING_H 1
| #define HAVE_MEMORY_H 1
| #define HAVE_STRINGS_H 1
| #define HAVE_INTTYPES_H 1
| #define HAVE_STDINT_H 1
| #define HAVE_UNISTD_H 1
| #define HAVE_DLFCN_H 1
| #define LT_OBJDIR ".libs/"
| /* end confdefs.h.  */
| 
| /* Override any GCC internal prototype to avoid an error.
|    Use char because int might match the return type of a GCC
|    builtin and then its argument prototype would still apply.  */
| #ifdef __cplusplus
| extern "C"
| #endif
| char shl_load ();
| int
| main ()
| {
| return shl_load ();
|   ;
|   return 0;
| }
configure:10600: result: no
configure:10605: checking for dlopen
configure:10605: gcc -o conftest -g -O2   conftest.c  >&5
/tmp/ccDFTnv7.o: In function `main':
/mnt/BKP/POG/C_CPP/mxadt/conftest.c:57: undefined reference to `dlopen'
collect2: ld returned 1 exit status
configure:10605: $? = 1
configure: failed program was:
| /* confdefs.h */
| #define PACKAGE_NAME "mxadt"
| #define PACKAGE_TARNAME "mxadt"
| #define PACKAGE_VERSION "0.1"
| #define PACKAGE_STRING "mxadt 0.1"
| #define PACKAGE_BUGREPORT "emersonmx@gmail.com"
| #define PACKAGE_URL ""
| #define PACKAGE "mxadt"
| #define VERSION "0.1"
| #define STDC_HEADERS 1
| #define HAVE_SYS_TYPES_H 1
| #define HAVE_SYS_STAT_H 1
| #define HAVE_STDLIB_H 1
| #define HAVE_STRING_H 1
| #define HAVE_MEMORY_H 1
| #define HAVE_STRINGS_H 1
| #define HAVE_INTTYPES_H 1
| #define HAVE_STDINT_H 1
| #define HAVE_UNISTD_H 1
| #define HAVE_DLFCN_H 1
| #define LT_OBJDIR ".libs/"
| /* end confdefs.h.  */
| /* Define dlopen to an innocuous variant, in case <limits.h> declares dlopen.
|    For example, HP-UX 11i <limits.h> declares gettimeofday.  */
| #define dlopen innocuous_dlopen
| 
| /* System header to define __stub macros and hopefully few prototypes,
|     which can conflict with char dlopen (); below.
|     Prefer <limits.h> to <assert.h> if __STDC__ is defined, since
|     <limits.h> exists even on freestanding compilers.  */
| 
| #ifdef __STDC__
| # include <limits.h>
| #else
| # include <assert.h>
| #endif
| 
| #undef dlopen
| 
| /* Override any GCC internal prototype to avoid an error.
|    Use char because int might match the return type of a GCC
|    builtin and then its argument prototype would still apply.  */
| #ifdef __cplusplus
| extern "C"
| #endif
| char dlopen ();
| /* The GNU C library defines this for functions which it implements
|     to always fail with ENOSYS.  Some functions are actually named
|     something starting with __ and the normal name is an alias.  */
| #if defined __stub_dlopen || defined __stub___dlopen
| choke me
| #endif
| 
| int
| main ()
| {
| return dlopen ();
|   ;
|   return 0;
| }
configure:10605: result: no
configure:10609: checking for dlopen in -ldl
configure:10634: gcc -o conftest -g -O2   conftest.c -ldl   >&5
configure:10634: $? = 0
configure:10643: result: yes
configure:10762: checking whether a program can dlopen itself
configure:10842: gcc -o conftest -g -O2  -DHAVE_DLFCN_H  -Wl,--export-dynamic conftest.c -ldl  >&5
configure:10845: $? = 0
configure:10863: result: yes
configure:10868: checking whether a statically linked program can dlopen itself
configure:10948: gcc -o conftest -g -O2  -DHAVE_DLFCN_H  -Wl,--export-dynamic -static conftest.c -ldl  >&5
/tmp/ccv93FZl.o: In function `main':
/mnt/BKP/POG/C_CPP/mxadt/configure:10927: warning: Using 'dlopen' in statically linked applications requires at runtime the shared libraries from the glibc version used for linking
/usr/lib/gcc/i686-pc-linux-gnu/4.5.3/../../../../i686-pc-linux-gnu/bin/ld: dynamic STT_GNU_IFUNC symbol `strcmp' with pointer equality in `/usr/lib/gcc/i686-pc-linux-gnu/4.5.3/../../../libc.a(strcmp.o)' can not be used when making an executable; recompile with -fPIE and relink with -pie
collect2: ld returned 1 exit status
configure:10951: $? = 1
configure:10969: result: no
configure:11008: checking whether stripping libraries is possible
configure:11013: result: yes
configure:11048: checking if libtool supports shared libraries
configure:11050: result: yes
configure:11053: checking whether to build shared libraries
configure:11074: result: yes
configure:11077: checking whether to build static libraries
configure:11081: result: yes
configure:11256: creating ./config.status

## ---------------------- ##
## Running config.status. ##
## ---------------------- ##

This file was extended by mxadt config.status 0.1, which was
generated by GNU Autoconf 2.68.  Invocation command line was

  CONFIG_FILES    = 
  CONFIG_HEADERS  = 
  CONFIG_LINKS    = 
  CONFIG_COMMANDS = 
  $ ./config.status 

on cabore

config.status:1089: creating Makefile
config.status:1089: creating src/Makefile
config.status:1089: creating test/Makefile
config.status:1089: creating src/mxadt/mxadt_config.h
config.status:1270: src/mxadt/mxadt_config.h is unchanged
config.status:1318: executing depfiles commands
config.status:1318: executing libtool commands

## ---------------- ##
## Cache variables. ##
## ---------------- ##

ac_cv_build=i686-pc-linux-gnu
ac_cv_c_compiler_gnu=yes
ac_cv_env_CC_set=
ac_cv_env_CC_value=
ac_cv_env_CFLAGS_set=
ac_cv_env_CFLAGS_value=
ac_cv_env_CPPFLAGS_set=
ac_cv_env_CPPFLAGS_value=
ac_cv_env_CPP_set=
ac_cv_env_CPP_value=
ac_cv_env_LDFLAGS_set=
ac_cv_env_LDFLAGS_value=
ac_cv_env_LIBS_set=
ac_cv_env_LIBS_value=
ac_cv_env_build_alias_set=
ac_cv_env_build_alias_value=
ac_cv_env_host_alias_set=
ac_cv_env_host_alias_value=
ac_cv_env_target_alias_set=
ac_cv_env_target_alias_value=
ac_cv_func_dlopen=no
ac_cv_func_shl_load=no
ac_cv_header_dlfcn_h=yes
ac_cv_header_inttypes_h=yes
ac_cv_header_memory_h=yes
ac_cv_header_stdc=yes
ac_cv_header_stdint_h=yes
ac_cv_header_stdlib_h=yes
ac_cv_header_string_h=yes
ac_cv_header_strings_h=yes
ac_cv_header_sys_stat_h=yes
ac_cv_header_sys_types_h=yes
ac_cv_header_unistd_h=yes
ac_cv_host=i686-pc-linux-gnu
ac_cv_lib_dl_dlopen=yes
ac_cv_lib_dld_shl_load=no
ac_cv_objext=o
ac_cv_path_EGREP='/bin/grep -E'
ac_cv_path_FGREP='/bin/grep -F'
ac_cv_path_GREP=/bin/grep
ac_cv_path_SED=/bin/sed
ac_cv_path_install='/usr/bin/install -c'
ac_cv_path_mkdir=/bin/mkdir
ac_cv_prog_AWK=gawk
ac_cv_prog_CPP='gcc -E'
ac_cv_prog_ac_ct_AR=ar
ac_cv_prog_ac_ct_CC=gcc
ac_cv_prog_ac_ct_OBJDUMP=objdump
ac_cv_prog_ac_ct_RANLIB=ranlib
ac_cv_prog_ac_ct_STRIP=strip
ac_cv_prog_cc_c89=
ac_cv_prog_cc_g=yes
ac_cv_prog_make_make_set=yes
am_cv_CC_dependencies_compiler_type=gcc3
lt_cv_ar_at_file=@
lt_cv_archive_cmds_need_lc=no
lt_cv_deplibs_check_method=pass_all
lt_cv_dlopen=dlopen
lt_cv_dlopen_libs=-ldl
lt_cv_dlopen_self=yes
lt_cv_dlopen_self_static=no
lt_cv_file_magic_cmd='$MAGIC_CMD'
lt_cv_file_magic_test_file=
lt_cv_ld_reload_flag=-r
lt_cv_nm_interface='BSD nm'
lt_cv_objdir=.libs
lt_cv_path_LD=/usr/i686-pc-linux-gnu/bin/ld
lt_cv_path_NM='/usr/bin/nm -B'
lt_cv_path_mainfest_tool=no
lt_cv_prog_compiler_c_o=yes
lt_cv_prog_compiler_pic='-fPIC -DPIC'
lt_cv_prog_compiler_pic_works=yes
lt_cv_prog_compiler_rtti_exceptions=no
lt_cv_prog_compiler_static_works=yes
lt_cv_prog_gnu_ld=yes
lt_cv_sharedlib_from_linklib_cmd='printf %s\n'
lt_cv_shlibpath_overrides_runpath=yes
lt_cv_sys_global_symbol_pipe='sed -n -e '\''s/^.*[	 ]\([ABCDGIRSTW][ABCDGIRSTW]*\)[	 ][	 ]*\([_A-Za-z][_A-Za-z0-9]*\)$/\1 \2 \2/p'\'' | sed '\''/ __gnu_lto/d'\'''
lt_cv_sys_global_symbol_to_c_name_address='sed -n -e '\''s/^: \([^ ]*\)[ ]*$/  {\"\1\", (void *) 0},/p'\'' -e '\''s/^[ABCDGIRSTW]* \([^ ]*\) \([^ ]*\)$/  {"\2", (void *) \&\2},/p'\'''
lt_cv_sys_global_symbol_to_c_name_address_lib_prefix='sed -n -e '\''s/^: \([^ ]*\)[ ]*$/  {\"\1\", (void *) 0},/p'\'' -e '\''s/^[ABCDGIRSTW]* \([^ ]*\) \(lib[^ ]*\)$/  {"\2", (void *) \&\2},/p'\'' -e '\''s/^[ABCDGIRSTW]* \([^ ]*\) \([^ ]*\)$/  {"lib\2", (void *) \&\2},/p'\'''
lt_cv_sys_global_symbol_to_cdecl='sed -n -e '\''s/^T .* \(.*\)$/extern int \1();/p'\'' -e '\''s/^[ABCDGIRSTW]* .* \(.*\)$/extern char \1;/p'\'''
lt_cv_sys_max_cmd_len=1572864
lt_cv_to_host_file_cmd=func_convert_file_noop
lt_cv_to_tool_file_cmd=func_convert_file_noop

## ----------------- ##
## Output variables. ##
## ----------------- ##

ACLOCAL='${SHELL} /mnt/BKP/POG/C_CPP/mxadt/missing --run aclocal-1.11'
AMDEPBACKSLASH='\'
AMDEP_FALSE='#'
AMDEP_TRUE=''
AMTAR='${SHELL} /mnt/BKP/POG/C_CPP/mxadt/missing --run tar'
AR='ar'
AUTOCONF='${SHELL} /mnt/BKP/POG/C_CPP/mxadt/missing --run autoconf'
AUTOHEADER='${SHELL} /mnt/BKP/POG/C_CPP/mxadt/missing --run autoheader'
AUTOMAKE='${SHELL} /mnt/BKP/POG/C_CPP/mxadt/missing --run automake-1.11'
AWK='gawk'
CC='gcc'
CCDEPMODE='depmode=gcc3'
CFLAGS='-g -O2'
CPP='gcc -E'
CPPFLAGS=''
CYGPATH_W='echo'
DEFS='-DHAVE_CONFIG_H'
DEPDIR='.deps'
DLLTOOL='false'
DSYMUTIL=''
DUMPBIN=''
ECHO_C=''
ECHO_N='-n'
ECHO_T=''
EGREP='/bin/grep -E'
EXEEXT=''
FGREP='/bin/grep -F'
GREP='/bin/grep'
INSTALL_DATA='${INSTALL} -m 644'
INSTALL_PROGRAM='${INSTALL}'
INSTALL_SCRIPT='${INSTALL}'
INSTALL_STRIP_PROGRAM='$(install_sh) -c -s'
LD='/usr/i686-pc-linux-gnu/bin/ld'
LDFLAGS=''
LIBOBJS=''
LIBS=''
LIBTOOL='$(SHELL) $(top_builddir)/libtool'
LIPO=''
LN_S='ln -s'
LTLIBOBJS=''
MAKEINFO='${SHELL} /mnt/BKP/POG/C_CPP/mxadt/missing --run makeinfo'
MANIFEST_TOOL=':'
MKDIR_P='/bin/mkdir -p'
NM='/usr/bin/nm -B'
NMEDIT=''
OBJDUMP='objdump'
OBJEXT='o'
OTOOL64=''
OTOOL=''
PACKAGE='mxadt'
PACKAGE_BUGREPORT='emersonmx@gmail.com'
PACKAGE_NAME='mxadt'
PACKAGE_STRING='mxadt 0.1'
PACKAGE_TARNAME='mxadt'
PACKAGE_URL=''
PACKAGE_VERSION='0.1'
PATH_SEPARATOR=':'
RANLIB='ranlib'
SED='/bin/sed'
SET_MAKE=''
SHELL='/bin/sh'
STRIP='strip'
VERSION='0.1'
ac_ct_AR='ar'
ac_ct_CC='gcc'
ac_ct_DUMPBIN=''
am__EXEEXT_FALSE=''
am__EXEEXT_TRUE='#'
am__fastdepCC_FALSE='#'
am__fastdepCC_TRUE=''
am__include='include'
am__isrc=''
am__leading_dot='.'
am__quote=''
am__tar='${AMTAR} chof - "$$tardir"'
am__untar='${AMTAR} xf -'
bindir='${exec_prefix}/bin'
build='i686-pc-linux-gnu'
build_alias=''
build_cpu='i686'
build_os='linux-gnu'
build_vendor='pc'
datadir='${datarootdir}'
datarootdir='${prefix}/share'
docdir='${datarootdir}/doc/${PACKAGE_TARNAME}'
dvidir='${docdir}'
exec_prefix='${prefix}'
host='i686-pc-linux-gnu'
host_alias=''
host_cpu='i686'
host_os='linux-gnu'
host_vendor='pc'
htmldir='${docdir}'
includedir='${prefix}/include'
infodir='${datarootdir}/info'
install_sh='${SHELL} /mnt/BKP/POG/C_CPP/mxadt/install-sh'
libdir='${exec_prefix}/lib'
libexecdir='${exec_prefix}/libexec'
localedir='${datarootdir}/locale'
localstatedir='${prefix}/var'
mandir='${datarootdir}/man'
mkdir_p='/bin/mkdir -p'
oldincludedir='/usr/include'
pdfdir='${docdir}'
prefix='/usr/local'
program_transform_name='s,x,x,'
psdir='${docdir}'
sbindir='${exec_prefix}/sbin'
sharedstatedir='${prefix}/com'
sysconfdir='${prefix}/etc'
target_alias=''

## ----------- ##
## confdefs.h. ##
## ----------- ##

/* confdefs.h */
#define PACKAGE_NAME "mxadt"
#define PACKAGE_TARNAME "mxadt"
#define PACKAGE_VERSION "0.1"
#define PACKAGE_STRING "mxadt 0.1"
#define PACKAGE_BUGREPORT "emersonmx@gmail.com"
#define PACKAGE_URL ""
#define PACKAGE "mxadt"
#define VERSION "0.1"
#define STDC_HEADERS 1
#define HAVE_SYS_TYPES_H 1
#define HAVE_SYS_STAT_H 1
#define HAVE_STDLIB_H 1
#define HAVE_STRING_H 1
#define HAVE_MEMORY_H 1
#define HAVE_STRINGS_H 1
#define HAVE_INTTYPES_H 1
#define HAVE_STDINT_H 1
#define HAVE_UNISTD_H 1
#define HAVE_DLFCN_H 1
#define LT_OBJDIR ".libs/"

configure: exit 0
